<?xml version="1.0" encoding="UTF-8"?>
<!-- Generated by org.testng.reporters.JUnitXMLReporter -->
<testsuite ignored="3" hostname="LAPTOP-5SGPDORB" failures="0" tests="1" name="API Automation framework" time="7.942" errors="0" timestamp="2025-10-25T08:13:08 IST">
  <testcase classname="com.ui.tests.LoginTests" name="LoginTest" time="2.086"/>
  <testcase classname="com.ui.tests.LoginTests" name="LoginExcelTest" time="0.0">
    <ignored/>
  </testcase> <!-- LoginExcelTest -->
  <testcase classname="com.ui.tests.LoginTests" name="LoginJSONTest" time="0.0">
    <ignored/>
  </testcase> <!-- LoginJSONTest -->
  <testcase classname="com.ui.tests.LoginTests" name="LoginCSVTest" time="0.0">
    <ignored/>
  </testcase> <!-- LoginCSVTest -->
</testsuite> <!-- API Automation framework -->
