<?xml version="1.0" encoding="UTF-8"?>
<!-- Generated by org.testng.reporters.JUnitXMLReporter -->
<testsuite ignored="0" hostname="LAPTOP-5SGPDORB" failures="0" tests="1" name="API Automation framework" time="0.26" errors="0" timestamp="2025-10-29T22:49:55 IST">
  <testcase classname="com.ui.tests.BaseTest" name="@BeforeMethod setUpBrowser" time="0.018">
    <failure type="java.lang.IllegalArgumentException" message="No enum constant com.constants.Browser.${BROWSER}">
      <![CDATA[java.lang.IllegalArgumentException: No enum constant com.constants.Browser.${BROWSER}
at java.base/java.lang.Enum.valueOf(Enum.java:293)
at com.constants.Browser.valueOf(Browser.java:1)
at com.ui.tests.BaseTest.setUpBrowser(BaseTest.java:46)
at java.base/java.util.concurrent.Executors$RunnableAdapter.call(Executors.java:572)
at java.base/java.util.concurrent.FutureTask.run(FutureTask.java:317)
at java.base/java.util.concurrent.ThreadPoolExecutor.runWorker(ThreadPoolExecutor.java:1144)
at java.base/java.util.concurrent.ThreadPoolExecutor$Worker.run(ThreadPoolExecutor.java:642)
at java.base/java.lang.Thread.run(Thread.java:1583)
... Removed 15 stack frames]]>
    </failure>
  </testcase> <!-- @BeforeMethod setUpBrowser -->
  <testcase classname="com.ui.tests.CompleteOrderTest" name="@BeforeMethod checkOutSetup" time="0.0">
    <skipped/>
  </testcase> <!-- @BeforeMethod checkOutSetup -->
  <testcase classname="com.ui.tests.CompleteOrderTest" name="completeOrder" time="0.0">
    <skipped/>
  </testcase> <!-- completeOrder -->
</testsuite> <!-- API Automation framework -->
