<?xml version="1.0" encoding="UTF-8"?>
<!-- Generated by org.testng.reporters.JUnitXMLReporter -->
<testsuite ignored="3" hostname="LAPTOP-5SGPDORB" failures="0" tests="1" name="Default test" time="10.495" errors="0" timestamp="2025-10-22T23:02:14 IST">
  <testcase classname="com.ui.tests.LoginTests" name="LoginTest" time="3.141"/>
  <testcase classname="com.ui.tests.LoginTests" name="LoginExcelTest" time="0.0">
    <ignored/>
  </testcase> <!-- LoginExcelTest -->
  <testcase classname="com.ui.tests.LoginTests" name="LoginCSVTest" time="0.0">
    <ignored/>
  </testcase> <!-- LoginCSVTest -->
  <testcase classname="com.ui.tests.LoginTests" name="LoginJSONTest" time="0.0">
    <ignored/>
  </testcase> <!-- LoginJSONTest -->
</testsuite> <!-- Default test -->
