<?xml version="1.0" encoding="UTF-8"?>
<!-- Generated by org.testng.reporters.JUnitXMLReporter -->
<testsuite ignored="2" hostname="LAPTOP-5SGPDORB" failures="0" tests="1" name="Default test" time="18.86" errors="0" timestamp="2025-10-26T21:38:56 IST">
  <testcase classname="com.ui.tests.ProductTest" name="verifyingAllProductNames" time="3.452"/>
  <testcase classname="com.ui.tests.ProductTest" name="getAllProductNames" time="0.0">
    <ignored/>
  </testcase> <!-- getAllProductNames -->
  <testcase classname="com.ui.tests.ProductTest" name="verifyCorrectProduct" time="0.0">
    <ignored/>
  </testcase> <!-- verifyCorrectProduct -->
</testsuite> <!-- Default test -->
