<?xml version="1.0" encoding="UTF-8"?>
<testsuite xmlns:xsi="http://www.w3.org/2001/XMLSchema-instance" xsi:noNamespaceSchemaLocation="https://maven.apache.org/surefire/maven-surefire-plugin/xsd/surefire-test-report.xsd" version="3.0.2" name="TestSuite" time="9.061" tests="1" errors="0" skipped="0" failures="0">
  <properties>
[...]
</properties>
  <testcase name="LoginTest" classname="com.ui.tests.LoginTests" time="2.078">
    <system-out><![CDATA[2025-10-25 08:13:00 [main] INFO com.ui.listeners.LoggerListener::onStart::24 Test Suite Started 
2025-10-25 08:13:00 [TestNG-test-API Automation framework-1] INFO com.ui.tests.LoginTests::setUpBrowser::43 Loading the HomePage 
2025-10-25 08:13:06 [TestNG-test-API Automation framework-1] INFO com.ui.listeners.LoggerListener::onTestStart::30 LoginTest 
2025-10-25 08:13:06 [TestNG-test-API Automation framework-1] INFO com.ui.listeners.LoggerListener::onTestStart::31 Login with valid credentials 
2025-10-25 08:13:06 [TestNG-test-API Automation framework-1] INFO com.ui.listeners.LoggerListener::onTestStart::32 [Sanity, e2e] 
]]></system-out>
    <system-err><![CDATA[SLF4J(W): No SLF4J providers were found.
SLF4J(W): Defaulting to no-operation (NOP) logger implementation
SLF4J(W): See https://www.slf4j.org/codes.html#noProviders for further details.
Oct 25, 2025 8:13:02 AM org.openqa.selenium.devtools.CdpVersionFinder findNearestMatch
WARNING: Unable to find an exact match for CDP version 141, returning the closest version; found: 139; Please update to a Selenium version that supports CDP version 141
]]></system-err>
  </testcase>
</testsuite>