<?xml version="1.0" encoding="UTF-8"?>
<testng-results ignored="3" total="4" passed="1" failed="0" skipped="0">
  <reporter-output>
  </reporter-output>
  <suite started-at="2025-10-25T13:14:46 IST" name="automation framework" finished-at="2025-10-25T13:14:57 IST" duration-ms="11687">
    <groups>
      <group name="Sanity">
        <method signature="LoginTests.LoginTest()[pri:0, instance:com.ui.tests.LoginTests@119cbf96]" name="LoginTest" class="com.ui.tests.LoginTests"/>
      </group> <!-- Sanity -->
      <group name="e2e">
        <method signature="LoginTests.LoginTest()[pri:0, instance:com.ui.tests.LoginTests@119cbf96]" name="LoginTest" class="com.ui.tests.LoginTests"/>
      </group> <!-- e2e -->
    </groups>
    <test started-at="2025-10-25T13:14:46 IST" name="API Automation framework" finished-at="2025-10-25T13:14:57 IST" duration-ms="11687">
      <class name="com.ui.tests.LoginTests">
        <test-method is-config="true" signature="setUpBrowser(java.lang.String,boolean,boolean,org.testng.ITestResult)[pri:0, instance:com.ui.tests.LoginTests@119cbf96]" started-at="2025-10-25T13:14:46 IST" name="setUpBrowser" description="Loading homepage of the website" finished-at="2025-10-25T13:14:55 IST" duration-ms="8306" status="PASS">
          <params>
            <param index="0">
              <value>
                <![CDATA[chrome]]>
              </value>
            </param>
            <param index="1">
              <value>
                <![CDATA[false]]>
              </value>
            </param>
            <param index="2">
              <value>
                <![CDATA[false]]>
              </value>
            </param>
            <param index="3">
              <value>
                <![CDATA[[TestResult name={null} status=CREATED method=LoginTests.LoginTest()[pri:0, instance:com.ui.tests.LoginTests@119cbf96] output={null}]]]>
              </value>
            </param>
          </params>
          <reporter-output>
          </reporter-output>
        </test-method> <!-- setUpBrowser -->
        <test-method signature="LoginTest()[pri:0, instance:com.ui.tests.LoginTests@119cbf96]" started-at="2025-10-25T13:14:55 IST" name="LoginTest" description="Login with valid credentials" finished-at="2025-10-25T13:14:57 IST" duration-ms="2589" status="PASS">
          <reporter-output>
          </reporter-output>
        </test-method> <!-- LoginTest -->
        <test-method is-config="true" signature="tearDown()[pri:0, instance:com.ui.tests.LoginTests@119cbf96]" started-at="2025-10-25T13:14:57 IST" name="tearDown" description="Closing the Browser" finished-at="2025-10-25T13:14:57 IST" duration-ms="256" status="PASS">
          <reporter-output>
          </reporter-output>
        </test-method> <!-- tearDown -->
      </class> <!-- com.ui.tests.LoginTests -->
    </test> <!-- API Automation framework -->
  </suite> <!-- automation framework -->
</testng-results>
