<?xml version="1.0" encoding="UTF-8"?>
<testsuite xmlns:xsi="http://www.w3.org/2001/XMLSchema-instance" xsi:noNamespaceSchemaLocation="https://maven.apache.org/surefire/maven-surefire-plugin/xsd/surefire-test-report.xsd" version="3.0.2" name="TestSuite" time="99.74" tests="4" errors="0" skipped="3" failures="0">
  <properties>
[...]
</properties>
  <testcase name="completeOrder" classname="com.ui.tests.CompleteOrderTest" time="0.0">
    <skipped message="Expected condition failed: waiting for element to be clickable: By.xpath: //a[contains(@class,&apos;product_quantity_up&apos;)] (tried for 10 second(s) with 500 milliseconds interval)&#10;Build info: version: &apos;4.35.0&apos;, revision: &apos;1c58e5028b&apos;&#10;System info: os.name: &apos;Windows 11&apos;, os.arch: &apos;amd64&apos;, os.version: &apos;10.0&apos;, java.version: &apos;21.0.7&apos;&#10;Driver info: org.openqa.selenium.chrome.ChromeDriver&#10;Capabilities {acceptInsecureCerts: false, browserName: chrome, browserVersion: 141.0.7390.123, chrome: {chromedriverVersion: 141.0.7390.122 (b477534e7e1..., userDataDir: C:\Users\silim\AppData\Loca...}, fedcm:accounts: true, goog:chromeOptions: {debuggerAddress: localhost:53495}, networkConnectionEnabled: false, pageLoadStrategy: normal, platformName: windows, proxy: Proxy(), se:cdp: ws://localhost:53495/devtoo..., se:cdpVersion: 141.0.7390.123, setWindowRect: true, strictFileInteractability: false, timeouts: {implicit: 0, pageLoad: 300000, script: 30000}, unhandledPromptBehavior: dismiss and notify, webauthn:extension:credBlob: true, webauthn:extension:largeBlob: true, webauthn:extension:minPinLength: true, webauthn:extension:prf: true, webauthn:virtualAuthenticators: true}&#10;Session ID: a2e9ca2aab09534f43c6a16ed5d47e80"/>
    <system-out><![CDATA[2025-10-29 23:22:11 [main] INFO com.ui.listeners.LoggerListener::onStart::24 Test Suite Started 
2025-10-29 23:22:11 [TestNG-test-API Automation framework-1] INFO com.ui.tests.CompleteOrderTest::setUpBrowser::45 Loading the HomePage 
2025-10-29 23:22:24 [TestNG-test-API Automation framework-1] INFO com.ui.listeners.LoggerListener::onTestStart::30 completeOrder 
2025-10-29 23:22:24 [TestNG-test-API Automation framework-1] INFO com.ui.listeners.LoggerListener::onTestStart::31 end to end order completion 
2025-10-29 23:22:24 [TestNG-test-API Automation framework-1] INFO com.ui.listeners.LoggerListener::onTestStart::32 [] 
]]></system-out>
    <system-err><![CDATA[SLF4J(W): No SLF4J providers were found.
SLF4J(W): Defaulting to no-operation (NOP) logger implementation
SLF4J(W): See https://www.slf4j.org/codes.html#noProviders for further details.
Oct 29, 2025 11:22:12 PM org.openqa.selenium.devtools.CdpVersionFinder findNearestMatch
WARNING: Unable to find an exact match for CDP version 141, returning the closest version; found: 139; Please update to a Selenium version that supports CDP version 141
]]></system-err>
  </testcase>
  <testcase name="completeOrder" classname="com.ui.tests.CompleteOrderTest" time="0.0">
    <skipped message="Expected condition failed: waiting for element to be clickable: By.xpath: //a[contains(@class,&apos;product_quantity_up&apos;)] (tried for 10 second(s) with 500 milliseconds interval)&#10;Build info: version: &apos;4.35.0&apos;, revision: &apos;1c58e5028b&apos;&#10;System info: os.name: &apos;Windows 11&apos;, os.arch: &apos;amd64&apos;, os.version: &apos;10.0&apos;, java.version: &apos;21.0.7&apos;&#10;Driver info: org.openqa.selenium.chrome.ChromeDriver&#10;Capabilities {acceptInsecureCerts: false, browserName: chrome, browserVersion: 141.0.7390.123, chrome: {chromedriverVersion: 141.0.7390.122 (b477534e7e1..., userDataDir: C:\Users\silim\AppData\Loca...}, fedcm:accounts: true, goog:chromeOptions: {debuggerAddress: localhost:53941}, networkConnectionEnabled: false, pageLoadStrategy: normal, platformName: windows, proxy: Proxy(), se:cdp: ws://localhost:53941/devtoo..., se:cdpVersion: 141.0.7390.123, setWindowRect: true, strictFileInteractability: false, timeouts: {implicit: 0, pageLoad: 300000, script: 30000}, unhandledPromptBehavior: dismiss and notify, webauthn:extension:credBlob: true, webauthn:extension:largeBlob: true, webauthn:extension:minPinLength: true, webauthn:extension:prf: true, webauthn:virtualAuthenticators: true}&#10;Session ID: f8c06e61e93f59fb1d254b422ca43fd8"/>
    <system-out><![CDATA[2025-10-29 23:22:38 [TestNG-test-API Automation framework-1] WARN com.ui.listeners.LoggerListener::onTestSkipped::51 completeOrder       SKIPPED 
2025-10-29 23:22:38 [TestNG-test-API Automation framework-1] INFO com.ui.tests.CompleteOrderTest::setUpBrowser::45 Loading the HomePage 
2025-10-29 23:22:47 [TestNG-test-API Automation framework-1] INFO com.ui.listeners.LoggerListener::onTestStart::30 completeOrder 
2025-10-29 23:22:47 [TestNG-test-API Automation framework-1] INFO com.ui.listeners.LoggerListener::onTestStart::31 end to end order completion 
2025-10-29 23:22:47 [TestNG-test-API Automation framework-1] INFO com.ui.listeners.LoggerListener::onTestStart::32 [] 
]]></system-out>
    <system-err><![CDATA[Oct 29, 2025 11:22:39 PM org.openqa.selenium.devtools.CdpVersionFinder findNearestMatch
WARNING: Unable to find an exact match for CDP version 141, returning the closest version; found: 139; Please update to a Selenium version that supports CDP version 141
]]></system-err>
  </testcase>
  <testcase name="completeOrder" classname="com.ui.tests.CompleteOrderTest" time="0.0">
    <skipped message="Expected condition failed: waiting for element to be clickable: By.xpath: //a[contains(@class,&apos;product_quantity_up&apos;)] (tried for 10 second(s) with 500 milliseconds interval)&#10;Build info: version: &apos;4.35.0&apos;, revision: &apos;1c58e5028b&apos;&#10;System info: os.name: &apos;Windows 11&apos;, os.arch: &apos;amd64&apos;, os.version: &apos;10.0&apos;, java.version: &apos;21.0.7&apos;&#10;Driver info: org.openqa.selenium.chrome.ChromeDriver&#10;Capabilities {acceptInsecureCerts: false, browserName: chrome, browserVersion: 141.0.7390.123, chrome: {chromedriverVersion: 141.0.7390.122 (b477534e7e1..., userDataDir: C:\Users\silim\AppData\Loca...}, fedcm:accounts: true, goog:chromeOptions: {debuggerAddress: localhost:55379}, networkConnectionEnabled: false, pageLoadStrategy: normal, platformName: windows, proxy: Proxy(), se:cdp: ws://localhost:55379/devtoo..., se:cdpVersion: 141.0.7390.123, setWindowRect: true, strictFileInteractability: false, timeouts: {implicit: 0, pageLoad: 300000, script: 30000}, unhandledPromptBehavior: dismiss and notify, webauthn:extension:credBlob: true, webauthn:extension:largeBlob: true, webauthn:extension:minPinLength: true, webauthn:extension:prf: true, webauthn:virtualAuthenticators: true}&#10;Session ID: d84c5247629d1ccfcd37e0508591dbf9"/>
    <system-out><![CDATA[2025-10-29 23:23:00 [TestNG-test-API Automation framework-1] WARN com.ui.listeners.LoggerListener::onTestSkipped::51 completeOrder       SKIPPED 
2025-10-29 23:23:01 [TestNG-test-API Automation framework-1] INFO com.ui.tests.CompleteOrderTest::setUpBrowser::45 Loading the HomePage 
2025-10-29 23:23:10 [TestNG-test-API Automation framework-1] INFO com.ui.listeners.LoggerListener::onTestStart::30 completeOrder 
2025-10-29 23:23:10 [TestNG-test-API Automation framework-1] INFO com.ui.listeners.LoggerListener::onTestStart::31 end to end order completion 
2025-10-29 23:23:10 [TestNG-test-API Automation framework-1] INFO com.ui.listeners.LoggerListener::onTestStart::32 [] 
]]></system-out>
    <system-err><![CDATA[Oct 29, 2025 11:23:01 PM org.openqa.selenium.devtools.CdpVersionFinder findNearestMatch
WARNING: Unable to find an exact match for CDP version 141, returning the closest version; found: 139; Please update to a Selenium version that supports CDP version 141
]]></system-err>
  </testcase>
  <testcase name="completeOrder" classname="com.ui.tests.CompleteOrderTest" time="16.041">
    <system-out><![CDATA[2025-10-29 23:23:23 [TestNG-test-API Automation framework-1] WARN com.ui.listeners.LoggerListener::onTestSkipped::51 completeOrder       SKIPPED 
2025-10-29 23:23:23 [TestNG-test-API Automation framework-1] INFO com.ui.tests.CompleteOrderTest::setUpBrowser::45 Loading the HomePage 
2025-10-29 23:23:33 [TestNG-test-API Automation framework-1] INFO com.ui.listeners.LoggerListener::onTestStart::30 completeOrder 
2025-10-29 23:23:33 [TestNG-test-API Automation framework-1] INFO com.ui.listeners.LoggerListener::onTestStart::31 end to end order completion 
2025-10-29 23:23:33 [TestNG-test-API Automation framework-1] INFO com.ui.listeners.LoggerListener::onTestStart::32 [] 
]]></system-out>
    <system-err><![CDATA[Oct 29, 2025 11:23:24 PM org.openqa.selenium.devtools.CdpVersionFinder findNearestMatch
WARNING: Unable to find an exact match for CDP version 141, returning the closest version; found: 139; Please update to a Selenium version that supports CDP version 141
]]></system-err>
  </testcase>
</testsuite>