<?xml version="1.0" encoding="UTF-8"?>
<testng-results ignored="3" total="4" passed="1" failed="0" skipped="0">
  <reporter-output>
  </reporter-output>
  <suite started-at="2025-10-22T23:02:04 IST" name="Default suite" finished-at="2025-10-22T23:02:14 IST" duration-ms="10495">
    <groups>
      <group name="Sanity">
        <method signature="LoginTests.LoginTest()[pri:0, instance:com.ui.tests.LoginTests@363a52f]" name="LoginTest" class="com.ui.tests.LoginTests"/>
      </group> <!-- Sanity -->
      <group name="e2e">
        <method signature="LoginTests.LoginTest()[pri:0, instance:com.ui.tests.LoginTests@363a52f]" name="LoginTest" class="com.ui.tests.LoginTests"/>
      </group> <!-- e2e -->
    </groups>
    <test started-at="2025-10-22T23:02:04 IST" name="Default test" finished-at="2025-10-22T23:02:14 IST" duration-ms="10495">
      <class name="com.ui.tests.LoginTests">
        <test-method is-config="true" signature="setUpBrowser(java.lang.String,boolean,boolean,org.testng.ITestResult)[pri:0, instance:com.ui.tests.LoginTests@363a52f]" started-at="2025-10-22T23:02:04 IST" name="setUpBrowser" description="Loading homepage of the website" finished-at="2025-10-22T23:02:11 IST" duration-ms="6842" status="PASS">
          <params>
            <param index="0">
              <value>
                <![CDATA[chrome]]>
              </value>
            </param>
            <param index="1">
              <value>
                <![CDATA[false]]>
              </value>
            </param>
            <param index="2">
              <value>
                <![CDATA[false]]>
              </value>
            </param>
            <param index="3">
              <value>
                <![CDATA[[TestResult name={null} status=CREATED method=LoginTests.LoginTest()[pri:0, instance:com.ui.tests.LoginTests@363a52f] output={null}]]]>
              </value>
            </param>
          </params>
          <reporter-output>
          </reporter-output>
        </test-method> <!-- setUpBrowser -->
        <test-method signature="LoginTest()[pri:0, instance:com.ui.tests.LoginTests@363a52f]" started-at="2025-10-22T23:02:11 IST" name="LoginTest" description="Login with valid credentials" finished-at="2025-10-22T23:02:14 IST" duration-ms="3141" status="PASS">
          <reporter-output>
          </reporter-output>
        </test-method> <!-- LoginTest -->
        <test-method is-config="true" signature="tearDown()[pri:0, instance:com.ui.tests.LoginTests@363a52f]" started-at="2025-10-22T23:02:14 IST" name="tearDown" description="Closing the Browser" finished-at="2025-10-22T23:02:14 IST" duration-ms="229" status="PASS">
          <reporter-output>
          </reporter-output>
        </test-method> <!-- tearDown -->
      </class> <!-- com.ui.tests.LoginTests -->
    </test> <!-- Default test -->
  </suite> <!-- Default suite -->
</testng-results>
